<?xml version="1.0" encoding="UTF-8"?>
<!-- Generated by org.testng.reporters.JUnitReportReporter -->
<testsuite hostname="MSI" failures="0" tests="1" name="datePickerExample.Ex4_DatePickerTests_Function" time="9.411" errors="0" timestamp="2024-03-14T17:26:06 IST" skipped="0">
  <testcase classname="datePickerExample.Ex4_DatePickerTests_Function" name="turkishAirlinesDatePicker" time="9.411"/>
  <system-out/>
</testsuite> <!-- datePickerExample.Ex4_DatePickerTests_Function -->
