<?xml version="1.0" encoding="UTF-8"?>
<!-- Generated by org.testng.reporters.JUnitReportReporter -->
<testsuite hostname="MSI" failures="0" tests="3" name="ddtExample.LoginApp" time="32.520" errors="0" timestamp="2024-03-14T12:49:52 IST" skipped="0">
  <testcase classname="ddtExample.LoginApp" name="verifyLoginFeature" time="10.594"/>
  <system-out/>
  <testcase classname="ddtExample.LoginApp" name="verifyLoginFeature" time="11.319"/>
  <system-out/>
  <testcase classname="ddtExample.LoginApp" name="verifyLoginFeature" time="10.607"/>
  <system-out/>
</testsuite> <!-- ddtExample.LoginApp -->
