<?xml version="1.0" encoding="UTF-8"?>
<!-- Generated by org.testng.reporters.JUnitReportReporter -->
<testsuite hostname="MSI" failures="0" tests="1" name="datePickerExample.Ex3_DatePickerTests_Function" time="7.632" errors="0" timestamp="2024-03-14T17:25:35 IST" skipped="0">
  <testcase classname="datePickerExample.Ex3_DatePickerTests_Function" name="DatepickerTest" time="7.632"/>
  <system-out/>
</testsuite> <!-- datePickerExample.Ex3_DatePickerTests_Function -->
