<?xml version="1.0" encoding="UTF-8"?>
<!-- Generated by org.testng.reporters.JUnitReportReporter -->
<testsuite hostname="MSI" failures="0" tests="1" name="datePickerExample.Ex1_DatePickerExample_Guru99" time="5.119" errors="0" timestamp="2024-03-14T17:23:02 IST" skipped="0">
  <testcase classname="datePickerExample.Ex1_DatePickerExample_Guru99" name="dateTimePicker" time="5.119"/>
  <system-out/>
</testsuite> <!-- datePickerExample.Ex1_DatePickerExample_Guru99 -->
