<?xml version="1.0" encoding="UTF-8"?>
<!-- Generated by org.testng.reporters.JUnitReportReporter -->
<testsuite hostname="MSI" failures="0" tests="1" name="xpathAxis.AmazonWishList2" time="1.391" errors="0" timestamp="2024-03-14T15:28:43 IST" skipped="0">
  <testcase classname="xpathAxis.AmazonWishList2" name="verifyRegisterStudent" time="1.391"/>
  <system-out/>
</testsuite> <!-- xpathAxis.AmazonWishList2 -->
