<?xml version="1.0" encoding="UTF-8"?>
<!-- Generated by org.testng.reporters.JUnitReportReporter -->
<testsuite hostname="MSI" failures="0" tests="1" name="pdfBoxExample.ReadPDFContent" time="0.540" errors="0" timestamp="2024-03-14T17:59:12 IST" skipped="0">
  <testcase classname="pdfBoxExample.ReadPDFContent" name="verifyPDFData" time="0.540"/>
  <system-out/>
</testsuite> <!-- pdfBoxExample.ReadPDFContent -->
