<?xml version="1.0" encoding="UTF-8"?>
<!-- Generated by org.testng.reporters.JUnitReportReporter -->
<testsuite hostname="MSI" failures="0" tests="1" name="xpathAxis.AmazonWishList" time="0.155" errors="0" timestamp="2024-03-14T14:14:03 IST" skipped="0">
  <testcase classname="xpathAxis.AmazonWishList" name="verifyRegisterStudent" time="0.155"/>
  <system-out/>
</testsuite> <!-- xpathAxis.AmazonWishList -->
