<?xml version="1.0" encoding="UTF-8"?>
<!-- Generated by org.testng.reporters.JUnitReportReporter -->
<testsuite hostname="MSI" failures="0" tests="1" name="log4JExample.LoginApp" time="8.372" errors="0" timestamp="2024-03-14T13:39:26 IST" skipped="0">
  <testcase classname="log4JExample.LoginApp" name="verifyLoginFeature" time="8.372"/>
  <system-out/>
</testsuite> <!-- log4JExample.LoginApp -->
