<?xml version="1.0" encoding="UTF-8"?>
<!-- Generated by org.testng.reporters.JUnitReportReporter -->
<testsuite hostname="MSI" failures="0" tests="1" name="test.LoginTest" time="9.523" errors="0" timestamp="2024-03-14T17:21:19 IST" skipped="0">
  <testcase classname="test.LoginTest" name="verifyLoginFeature" time="9.523"/>
  <system-out/>
</testsuite> <!-- test.LoginTest -->
