<?xml version="1.0" encoding="UTF-8"?>
<!-- Generated by org.testng.reporters.JUnitReportReporter -->
<testsuite hostname="MSI" failures="0" tests="1" name="datePickerExample.Ex2_DatePickerExample" time="5.104" errors="0" timestamp="2024-03-14T17:23:49 IST" skipped="0">
  <testcase classname="datePickerExample.Ex2_DatePickerExample" name="dateTimePicker" time="5.104"/>
  <system-out/>
</testsuite> <!-- datePickerExample.Ex2_DatePickerExample -->
