<?xml version="1.0" encoding="UTF-8"?>
<!-- Generated by org.testng.reporters.JUnitReportReporter -->
<testsuite hostname="MSI" failures="0" tests="1" name="handleWindowExample.IRCTCAppWindow" time="16.481" errors="0" timestamp="2024-03-14T11:48:48 IST" skipped="0">
  <testcase classname="handleWindowExample.IRCTCAppWindow" name="verifyHotelFeature" time="16.481"/>
  <system-out/>
</testsuite> <!-- handleWindowExample.IRCTCAppWindow -->
